[1.244s] Invoking command in '/robotics_final_project/ros2_ws/build/game_orchestrator': PYTHONPATH=/robotics_final_project/ros2_ws/build/game_orchestrator/prefix_override:/usr/lib/python3/dist-packages/colcon_core/task/python/colcon_distutils_commands:/robotics_final_project/ros2_ws/install/game_orchestrator/lib/python3.12/site-packages:${PYTHONPATH} /usr/bin/python3 -W ignore:setup.py install is deprecated -W ignore:easy_install command is deprecated setup.py develop --editable --build-directory /robotics_final_project/ros2_ws/build/game_orchestrator/build --no-deps symlink_data
[1.648s] running develop
[1.787s] running egg_info
[1.787s] creating game_orchestrator.egg-info
[1.801s] writing game_orchestrator.egg-info/PKG-INFO
[1.801s] writing dependency_links to game_orchestrator.egg-info/dependency_links.txt
[1.801s] writing requirements to game_orchestrator.egg-info/requires.txt
[1.801s] writing top-level names to game_orchestrator.egg-info/top_level.txt
[1.801s] writing manifest file 'game_orchestrator.egg-info/SOURCES.txt'
[1.830s] reading manifest file 'game_orchestrator.egg-info/SOURCES.txt'
[1.830s] writing manifest file 'game_orchestrator.egg-info/SOURCES.txt'
[1.845s] running build_ext
[1.845s] Creating /robotics_final_project/ros2_ws/install/game_orchestrator/lib/python3.12/site-packages/game-orchestrator.egg-link (link to .)
[1.846s] 
[1.846s] Installed /robotics_final_project/ros2_ws/build/game_orchestrator
[1.846s] running symlink_data
[1.846s] creating /robotics_final_project/ros2_ws/install/game_orchestrator/share/ament_index
[1.846s] creating /robotics_final_project/ros2_ws/install/game_orchestrator/share/ament_index/resource_index
[1.846s] creating /robotics_final_project/ros2_ws/install/game_orchestrator/share/ament_index/resource_index/packages
[1.847s] symbolically linking /robotics_final_project/ros2_ws/build/game_orchestrator/resource/game_orchestrator -> /robotics_final_project/ros2_ws/install/game_orchestrator/share/ament_index/resource_index/packages
[1.847s] symbolically linking /robotics_final_project/ros2_ws/build/game_orchestrator/package.xml -> /robotics_final_project/ros2_ws/install/game_orchestrator/share/game_orchestrator
[1.883s] Invoked command in '/robotics_final_project/ros2_ws/build/game_orchestrator' returned '0': PYTHONPATH=/robotics_final_project/ros2_ws/build/game_orchestrator/prefix_override:/usr/lib/python3/dist-packages/colcon_core/task/python/colcon_distutils_commands:/robotics_final_project/ros2_ws/install/game_orchestrator/lib/python3.12/site-packages:${PYTHONPATH} /usr/bin/python3 -W ignore:setup.py install is deprecated -W ignore:easy_install command is deprecated setup.py develop --editable --build-directory /robotics_final_project/ros2_ws/build/game_orchestrator/build --no-deps symlink_data
