[0.485s] DEBUG:colcon:Command line arguments: ['/usr/bin/colcon', 'build']
[0.485s] DEBUG:colcon:Parsed command line arguments: Namespace(log_base=None, log_level=None, verb_name='build', build_base='build', install_base='install', merge_install=False, symlink_install=False, test_result_base=None, continue_on_error=False, executor='parallel', parallel_workers=16, event_handlers=None, ignore_user_meta=False, metas=['./colcon.meta'], base_paths=['.'], packages_ignore=None, packages_ignore_regex=None, paths=None, packages_up_to=None, packages_up_to_regex=None, packages_above=None, packages_above_and_dependencies=None, packages_above_depth=None, packages_select_by_dep=None, packages_skip_by_dep=None, packages_skip_up_to=None, packages_select_build_failed=False, packages_skip_build_finished=False, packages_select_test_failures=False, packages_skip_test_passed=False, packages_select=None, packages_skip=None, packages_select_regex=None, packages_skip_regex=None, packages_start=None, packages_end=None, cmake_args=None, cmake_target=None, cmake_target_skip_unavailable=False, cmake_clean_cache=False, cmake_clean_first=False, cmake_force_configure=False, ament_cmake_args=None, catkin_cmake_args=None, catkin_skip_building_tests=False, mixin_files=None, mixin=None, verb_parser=<colcon_mixin.mixin.mixin_argument.MixinArgumentDecorator object at 0x7689f1038ef0>, verb_extension=<colcon_core.verb.build.BuildVerb object at 0x7689f11bee70>, main=<bound method BuildVerb.main of <colcon_core.verb.build.BuildVerb object at 0x7689f11bee70>>, mixin_verb=('build',))
[0.595s] Level 1:colcon.colcon_core.package_discovery:discover_packages(colcon_meta) check parameters
[0.597s] INFO:colcon.colcon_metadata.package_discovery.colcon_meta:Using configuration from '/root/.colcon/metadata/default/Gazebo.meta'
[0.597s] INFO:colcon.colcon_metadata.package_discovery.colcon_meta:Using configuration from '/root/.colcon/metadata/default/fastdds.meta'
[0.598s] INFO:colcon.colcon_metadata.package_discovery.colcon_meta:Using configuration from '/root/.colcon/metadata/default/fastrtps.meta'
[0.598s] Level 1:colcon.colcon_core.package_discovery:discover_packages(recursive) check parameters
[0.598s] Level 1:colcon.colcon_core.package_discovery:discover_packages(ignore) check parameters
[0.598s] Level 1:colcon.colcon_core.package_discovery:discover_packages(path) check parameters
[0.598s] Level 1:colcon.colcon_core.package_discovery:discover_packages(colcon_meta) discover
[0.598s] Level 1:colcon.colcon_core.package_discovery:discover_packages(recursive) discover
[0.598s] INFO:colcon.colcon_core.package_discovery:Crawling recursively for packages in '/robotics_final_project/ros2_ws'
[0.598s] Level 1:colcon.colcon_core.package_identification:_identify(.) by extensions ['ignore', 'ignore_ament_install']
[0.599s] Level 1:colcon.colcon_core.package_identification:_identify(.) by extension 'ignore'
[0.599s] Level 1:colcon.colcon_core.package_identification:_identify(.) by extension 'ignore_ament_install'
[0.599s] Level 1:colcon.colcon_core.package_identification:_identify(.) by extensions ['colcon_pkg']
[0.599s] Level 1:colcon.colcon_core.package_identification:_identify(.) by extension 'colcon_pkg'
[0.599s] Level 1:colcon.colcon_core.package_identification:_identify(.) by extensions ['colcon_meta']
[0.599s] Level 1:colcon.colcon_core.package_identification:_identify(.) by extension 'colcon_meta'
[0.599s] Level 1:colcon.colcon_core.package_identification:_identify(.) by extensions ['ros']
[0.599s] Level 1:colcon.colcon_core.package_identification:_identify(.) by extension 'ros'
[0.653s] Level 1:colcon.colcon_core.package_identification:_identify(.) by extensions ['cmake', 'python']
[0.653s] Level 1:colcon.colcon_core.package_identification:_identify(.) by extension 'cmake'
[0.653s] Level 1:colcon.colcon_core.package_identification:_identify(.) by extension 'python'
[0.653s] Level 1:colcon.colcon_core.package_identification:_identify(.) by extensions ['python_setup_py']
[0.654s] Level 1:colcon.colcon_core.package_identification:_identify(.) by extension 'python_setup_py'
[0.654s] Level 1:colcon.colcon_core.package_identification:_identify(build) by extensions ['ignore', 'ignore_ament_install']
[0.654s] Level 1:colcon.colcon_core.package_identification:_identify(build) by extension 'ignore'
[0.654s] Level 1:colcon.colcon_core.package_identification:_identify(build) ignored
[0.655s] Level 1:colcon.colcon_core.package_identification:_identify(install) by extensions ['ignore', 'ignore_ament_install']
[0.655s] Level 1:colcon.colcon_core.package_identification:_identify(install) by extension 'ignore'
[0.655s] Level 1:colcon.colcon_core.package_identification:_identify(install) ignored
[0.655s] Level 1:colcon.colcon_core.package_identification:_identify(log) by extensions ['ignore', 'ignore_ament_install']
[0.655s] Level 1:colcon.colcon_core.package_identification:_identify(log) by extension 'ignore'
[0.655s] Level 1:colcon.colcon_core.package_identification:_identify(log) ignored
[0.655s] Level 1:colcon.colcon_core.package_identification:_identify(src) by extensions ['ignore', 'ignore_ament_install']
[0.655s] Level 1:colcon.colcon_core.package_identification:_identify(src) by extension 'ignore'
[0.656s] Level 1:colcon.colcon_core.package_identification:_identify(src) by extension 'ignore_ament_install'
[0.656s] Level 1:colcon.colcon_core.package_identification:_identify(src) by extensions ['colcon_pkg']
[0.656s] Level 1:colcon.colcon_core.package_identification:_identify(src) by extension 'colcon_pkg'
[0.656s] Level 1:colcon.colcon_core.package_identification:_identify(src) by extensions ['colcon_meta']
[0.656s] Level 1:colcon.colcon_core.package_identification:_identify(src) by extension 'colcon_meta'
[0.656s] Level 1:colcon.colcon_core.package_identification:_identify(src) by extensions ['ros']
[0.656s] Level 1:colcon.colcon_core.package_identification:_identify(src) by extension 'ros'
[0.656s] Level 1:colcon.colcon_core.package_identification:_identify(src) by extensions ['cmake', 'python']
[0.656s] Level 1:colcon.colcon_core.package_identification:_identify(src) by extension 'cmake'
[0.656s] Level 1:colcon.colcon_core.package_identification:_identify(src) by extension 'python'
[0.656s] Level 1:colcon.colcon_core.package_identification:_identify(src) by extensions ['python_setup_py']
[0.656s] Level 1:colcon.colcon_core.package_identification:_identify(src) by extension 'python_setup_py'
[0.656s] Level 1:colcon.colcon_core.package_identification:_identify(src/chess_vision) by extensions ['ignore', 'ignore_ament_install']
[0.657s] Level 1:colcon.colcon_core.package_identification:_identify(src/chess_vision) by extension 'ignore'
[0.657s] Level 1:colcon.colcon_core.package_identification:_identify(src/chess_vision) by extension 'ignore_ament_install'
[0.657s] Level 1:colcon.colcon_core.package_identification:_identify(src/chess_vision) by extensions ['colcon_pkg']
[0.657s] Level 1:colcon.colcon_core.package_identification:_identify(src/chess_vision) by extension 'colcon_pkg'
[0.657s] Level 1:colcon.colcon_core.package_identification:_identify(src/chess_vision) by extensions ['colcon_meta']
[0.657s] Level 1:colcon.colcon_core.package_identification:_identify(src/chess_vision) by extension 'colcon_meta'
[0.657s] Level 1:colcon.colcon_core.package_identification:_identify(src/chess_vision) by extensions ['ros']
[0.657s] Level 1:colcon.colcon_core.package_identification:_identify(src/chess_vision) by extension 'ros'
[0.662s] DEBUG:colcon.colcon_core.package_identification:Package 'src/chess_vision' with type 'ros.ament_python' and name 'chess_vision'
[0.662s] Level 1:colcon.colcon_core.package_identification:_identify(src/game_state) by extensions ['ignore', 'ignore_ament_install']
[0.662s] Level 1:colcon.colcon_core.package_identification:_identify(src/game_state) by extension 'ignore'
[0.662s] Level 1:colcon.colcon_core.package_identification:_identify(src/game_state) by extension 'ignore_ament_install'
[0.662s] Level 1:colcon.colcon_core.package_identification:_identify(src/game_state) by extensions ['colcon_pkg']
[0.662s] Level 1:colcon.colcon_core.package_identification:_identify(src/game_state) by extension 'colcon_pkg'
[0.662s] Level 1:colcon.colcon_core.package_identification:_identify(src/game_state) by extensions ['colcon_meta']
[0.662s] Level 1:colcon.colcon_core.package_identification:_identify(src/game_state) by extension 'colcon_meta'
[0.662s] Level 1:colcon.colcon_core.package_identification:_identify(src/game_state) by extensions ['ros']
[0.662s] Level 1:colcon.colcon_core.package_identification:_identify(src/game_state) by extension 'ros'
[0.664s] DEBUG:colcon.colcon_core.package_identification:Package 'src/game_state' with type 'ros.ament_python' and name 'game_state'
[0.664s] Level 1:colcon.colcon_core.package_discovery:discover_packages(recursive) using defaults
[0.664s] Level 1:colcon.colcon_core.package_discovery:discover_packages(ignore) discover
[0.664s] Level 1:colcon.colcon_core.package_discovery:discover_packages(ignore) using defaults
[0.664s] Level 1:colcon.colcon_core.package_discovery:discover_packages(path) discover
[0.664s] Level 1:colcon.colcon_core.package_discovery:discover_packages(path) using defaults
[0.708s] Level 5:colcon.colcon_core.verb:set package 'chess_vision' build argument 'cmake_args' from command line to 'None'
[0.708s] Level 5:colcon.colcon_core.verb:set package 'chess_vision' build argument 'cmake_target' from command line to 'None'
[0.708s] Level 5:colcon.colcon_core.verb:set package 'chess_vision' build argument 'cmake_target_skip_unavailable' from command line to 'False'
[0.708s] Level 5:colcon.colcon_core.verb:set package 'chess_vision' build argument 'cmake_clean_cache' from command line to 'False'
[0.708s] Level 5:colcon.colcon_core.verb:set package 'chess_vision' build argument 'cmake_clean_first' from command line to 'False'
[0.708s] Level 5:colcon.colcon_core.verb:set package 'chess_vision' build argument 'cmake_force_configure' from command line to 'False'
[0.708s] Level 5:colcon.colcon_core.verb:set package 'chess_vision' build argument 'ament_cmake_args' from command line to 'None'
[0.708s] Level 5:colcon.colcon_core.verb:set package 'chess_vision' build argument 'catkin_cmake_args' from command line to 'None'
[0.708s] Level 5:colcon.colcon_core.verb:set package 'chess_vision' build argument 'catkin_skip_building_tests' from command line to 'False'
[0.708s] DEBUG:colcon.colcon_core.verb:Building package 'chess_vision' with the following arguments: {'ament_cmake_args': None, 'build_base': '/robotics_final_project/ros2_ws/build/chess_vision', 'catkin_cmake_args': None, 'catkin_skip_building_tests': False, 'cmake_args': None, 'cmake_clean_cache': False, 'cmake_clean_first': False, 'cmake_force_configure': False, 'cmake_target': None, 'cmake_target_skip_unavailable': False, 'install_base': '/robotics_final_project/ros2_ws/install/chess_vision', 'merge_install': False, 'path': '/robotics_final_project/ros2_ws/src/chess_vision', 'symlink_install': False, 'test_result_base': None}
[0.708s] Level 5:colcon.colcon_core.verb:set package 'game_state' build argument 'cmake_args' from command line to 'None'
[0.708s] Level 5:colcon.colcon_core.verb:set package 'game_state' build argument 'cmake_target' from command line to 'None'
[0.708s] Level 5:colcon.colcon_core.verb:set package 'game_state' build argument 'cmake_target_skip_unavailable' from command line to 'False'
[0.708s] Level 5:colcon.colcon_core.verb:set package 'game_state' build argument 'cmake_clean_cache' from command line to 'False'
[0.709s] Level 5:colcon.colcon_core.verb:set package 'game_state' build argument 'cmake_clean_first' from command line to 'False'
[0.709s] Level 5:colcon.colcon_core.verb:set package 'game_state' build argument 'cmake_force_configure' from command line to 'False'
[0.709s] Level 5:colcon.colcon_core.verb:set package 'game_state' build argument 'ament_cmake_args' from command line to 'None'
[0.709s] Level 5:colcon.colcon_core.verb:set package 'game_state' build argument 'catkin_cmake_args' from command line to 'None'
[0.709s] Level 5:colcon.colcon_core.verb:set package 'game_state' build argument 'catkin_skip_building_tests' from command line to 'False'
[0.709s] DEBUG:colcon.colcon_core.verb:Building package 'game_state' with the following arguments: {'ament_cmake_args': None, 'build_base': '/robotics_final_project/ros2_ws/build/game_state', 'catkin_cmake_args': None, 'catkin_skip_building_tests': False, 'cmake_args': None, 'cmake_clean_cache': False, 'cmake_clean_first': False, 'cmake_force_configure': False, 'cmake_target': None, 'cmake_target_skip_unavailable': False, 'install_base': '/robotics_final_project/ros2_ws/install/game_state', 'merge_install': False, 'path': '/robotics_final_project/ros2_ws/src/game_state', 'symlink_install': False, 'test_result_base': None}
[0.709s] INFO:colcon.colcon_core.executor:Executing jobs using 'parallel' executor
[0.711s] DEBUG:colcon.colcon_parallel_executor.executor.parallel:run_until_complete
[0.711s] INFO:colcon.colcon_ros.task.ament_python.build:Building ROS package in '/robotics_final_project/ros2_ws/src/chess_vision' with build type 'ament_python'
[0.711s] Level 1:colcon.colcon_core.shell:create_environment_hook('chess_vision', 'ament_prefix_path')
[0.720s] INFO:colcon.colcon_core.plugin_system:Skipping extension 'colcon_core.shell.bat': Not used on non-Windows systems
[0.720s] INFO:colcon.colcon_core.shell:Creating environment hook '/robotics_final_project/ros2_ws/install/chess_vision/share/chess_vision/hook/ament_prefix_path.ps1'
[0.722s] INFO:colcon.colcon_core.shell:Creating environment descriptor '/robotics_final_project/ros2_ws/install/chess_vision/share/chess_vision/hook/ament_prefix_path.dsv'
[0.723s] INFO:colcon.colcon_core.shell:Creating environment hook '/robotics_final_project/ros2_ws/install/chess_vision/share/chess_vision/hook/ament_prefix_path.sh'
[0.724s] INFO:colcon.colcon_core.shell:Skip shell extension 'powershell' for command environment: Not usable outside of PowerShell
[0.724s] DEBUG:colcon.colcon_core.shell:Skip shell extension 'dsv' for command environment
[0.741s] INFO:colcon.colcon_ros.task.ament_python.build:Building ROS package in '/robotics_final_project/ros2_ws/src/game_state' with build type 'ament_python'
[0.741s] Level 1:colcon.colcon_core.shell:create_environment_hook('game_state', 'ament_prefix_path')
[0.741s] INFO:colcon.colcon_core.shell:Creating environment hook '/robotics_final_project/ros2_ws/install/game_state/share/game_state/hook/ament_prefix_path.ps1'
[0.742s] INFO:colcon.colcon_core.shell:Creating environment descriptor '/robotics_final_project/ros2_ws/install/game_state/share/game_state/hook/ament_prefix_path.dsv'
[0.743s] INFO:colcon.colcon_core.shell:Creating environment hook '/robotics_final_project/ros2_ws/install/game_state/share/game_state/hook/ament_prefix_path.sh'
[0.744s] INFO:colcon.colcon_core.shell:Skip shell extension 'powershell' for command environment: Not usable outside of PowerShell
[0.744s] DEBUG:colcon.colcon_core.shell:Skip shell extension 'dsv' for command environment
[1.022s] INFO:colcon.colcon_core.task.python.build:Building Python package in '/robotics_final_project/ros2_ws/src/chess_vision'
[1.022s] INFO:colcon.colcon_core.shell:Skip shell extension 'powershell' for command environment: Not usable outside of PowerShell
[1.022s] DEBUG:colcon.colcon_core.shell:Skip shell extension 'dsv' for command environment
[1.281s] INFO:colcon.colcon_core.task.python.build:Building Python package in '/robotics_final_project/ros2_ws/src/game_state'
[1.282s] INFO:colcon.colcon_core.shell:Skip shell extension 'powershell' for command environment: Not usable outside of PowerShell
[1.282s] DEBUG:colcon.colcon_core.shell:Skip shell extension 'dsv' for command environment
[2.254s] DEBUG:colcon.colcon_core.event_handler.log_command:Invoking command in '/robotics_final_project/ros2_ws/src/game_state': PS1=(venv) \[\e]0;\u@\h: \w\a\]${debian_chroot:+($debian_chroot)}\u@\h:\w\$ PYTHONPATH=/robotics_final_project/ros2_ws/build/game_state/prefix_override:/usr/lib/python3/dist-packages/colcon_core/task/python/colcon_distutils_commands:/robotics_final_project/ros2_ws/install/game_state/lib/python3.12/site-packages:${PYTHONPATH} VIRTUAL_ENV_PROMPT=(venv) /usr/bin/python3 -W ignore:setup.py install is deprecated -W ignore:easy_install command is deprecated setup.py egg_info --egg-base ../../build/game_state build --build-base /robotics_final_project/ros2_ws/build/game_state/build install --record /robotics_final_project/ros2_ws/build/game_state/install.log --single-version-externally-managed install_data
[2.266s] DEBUG:colcon.colcon_core.event_handler.log_command:Invoking command in '/robotics_final_project/ros2_ws/src/chess_vision': PS1=(venv) \[\e]0;\u@\h: \w\a\]${debian_chroot:+($debian_chroot)}\u@\h:\w\$ PYTHONPATH=/robotics_final_project/ros2_ws/build/chess_vision/prefix_override:/usr/lib/python3/dist-packages/colcon_core/task/python/colcon_distutils_commands:/robotics_final_project/ros2_ws/install/chess_vision/lib/python3.12/site-packages:${PYTHONPATH} VIRTUAL_ENV_PROMPT=(venv) /usr/bin/python3 -W ignore:setup.py install is deprecated -W ignore:easy_install command is deprecated setup.py egg_info --egg-base ../../build/chess_vision build --build-base /robotics_final_project/ros2_ws/build/chess_vision/build install --record /robotics_final_project/ros2_ws/build/chess_vision/install.log --single-version-externally-managed install_data
[2.897s] DEBUG:colcon.colcon_core.event_handler.log_command:Invoked command in '/robotics_final_project/ros2_ws/src/game_state' returned '0': PS1=(venv) \[\e]0;\u@\h: \w\a\]${debian_chroot:+($debian_chroot)}\u@\h:\w\$ PYTHONPATH=/robotics_final_project/ros2_ws/build/game_state/prefix_override:/usr/lib/python3/dist-packages/colcon_core/task/python/colcon_distutils_commands:/robotics_final_project/ros2_ws/install/game_state/lib/python3.12/site-packages:${PYTHONPATH} VIRTUAL_ENV_PROMPT=(venv) /usr/bin/python3 -W ignore:setup.py install is deprecated -W ignore:easy_install command is deprecated setup.py egg_info --egg-base ../../build/game_state build --build-base /robotics_final_project/ros2_ws/build/game_state/build install --record /robotics_final_project/ros2_ws/build/game_state/install.log --single-version-externally-managed install_data
[2.908s] Level 1:colcon.colcon_core.environment:checking '/robotics_final_project/ros2_ws/install/game_state' for CMake module files
[2.909s] Level 1:colcon.colcon_core.environment:checking '/robotics_final_project/ros2_ws/install/game_state' for CMake config files
[2.912s] Level 1:colcon.colcon_core.environment:checking '/robotics_final_project/ros2_ws/install/game_state/lib'
[2.913s] Level 1:colcon.colcon_core.environment:checking '/robotics_final_project/ros2_ws/install/game_state/bin'
[2.913s] Level 1:colcon.colcon_core.environment:checking '/robotics_final_project/ros2_ws/install/game_state/lib/pkgconfig/game_state.pc'
[2.913s] Level 1:colcon.colcon_core.environment:checking '/robotics_final_project/ros2_ws/install/game_state/lib/python3.12/site-packages'
[2.913s] Level 1:colcon.colcon_core.shell:create_environment_hook('game_state', 'pythonpath')
[2.913s] INFO:colcon.colcon_core.shell:Creating environment hook '/robotics_final_project/ros2_ws/install/game_state/share/game_state/hook/pythonpath.ps1'
[2.914s] INFO:colcon.colcon_core.shell:Creating environment descriptor '/robotics_final_project/ros2_ws/install/game_state/share/game_state/hook/pythonpath.dsv'
[2.914s] INFO:colcon.colcon_core.shell:Creating environment hook '/robotics_final_project/ros2_ws/install/game_state/share/game_state/hook/pythonpath.sh'
[2.916s] Level 1:colcon.colcon_core.environment:checking '/robotics_final_project/ros2_ws/install/game_state/bin'
[2.916s] Level 1:colcon.colcon_core.environment:create_environment_scripts_only(game_state)
[2.916s] INFO:colcon.colcon_core.shell:Creating package script '/robotics_final_project/ros2_ws/install/game_state/share/game_state/package.ps1'
[2.918s] INFO:colcon.colcon_core.shell:Creating package descriptor '/robotics_final_project/ros2_ws/install/game_state/share/game_state/package.dsv'
[2.918s] INFO:colcon.colcon_core.shell:Creating package script '/robotics_final_project/ros2_ws/install/game_state/share/game_state/package.sh'
[2.919s] INFO:colcon.colcon_core.shell:Creating package script '/robotics_final_project/ros2_ws/install/game_state/share/game_state/package.bash'
[2.921s] INFO:colcon.colcon_core.shell:Creating package script '/robotics_final_project/ros2_ws/install/game_state/share/game_state/package.zsh'
[2.922s] Level 1:colcon.colcon_core.environment:create_file_with_runtime_dependencies(/robotics_final_project/ros2_ws/install/game_state/share/colcon-core/packages/game_state)
[2.924s] Level 1:colcon.colcon_core.environment:checking '/robotics_final_project/ros2_ws/install/chess_vision' for CMake module files
[2.925s] DEBUG:colcon.colcon_core.event_handler.log_command:Invoked command in '/robotics_final_project/ros2_ws/src/chess_vision' returned '0': PS1=(venv) \[\e]0;\u@\h: \w\a\]${debian_chroot:+($debian_chroot)}\u@\h:\w\$ PYTHONPATH=/robotics_final_project/ros2_ws/build/chess_vision/prefix_override:/usr/lib/python3/dist-packages/colcon_core/task/python/colcon_distutils_commands:/robotics_final_project/ros2_ws/install/chess_vision/lib/python3.12/site-packages:${PYTHONPATH} VIRTUAL_ENV_PROMPT=(venv) /usr/bin/python3 -W ignore:setup.py install is deprecated -W ignore:easy_install command is deprecated setup.py egg_info --egg-base ../../build/chess_vision build --build-base /robotics_final_project/ros2_ws/build/chess_vision/build install --record /robotics_final_project/ros2_ws/build/chess_vision/install.log --single-version-externally-managed install_data
[2.926s] Level 1:colcon.colcon_core.environment:checking '/robotics_final_project/ros2_ws/install/chess_vision' for CMake config files
[2.929s] Level 1:colcon.colcon_core.environment:checking '/robotics_final_project/ros2_ws/install/chess_vision/lib'
[2.930s] Level 1:colcon.colcon_core.environment:checking '/robotics_final_project/ros2_ws/install/chess_vision/bin'
[2.930s] Level 1:colcon.colcon_core.environment:checking '/robotics_final_project/ros2_ws/install/chess_vision/lib/pkgconfig/chess_vision.pc'
[2.930s] Level 1:colcon.colcon_core.environment:checking '/robotics_final_project/ros2_ws/install/chess_vision/lib/python3.12/site-packages'
[2.930s] Level 1:colcon.colcon_core.shell:create_environment_hook('chess_vision', 'pythonpath')
[2.930s] INFO:colcon.colcon_core.shell:Creating environment hook '/robotics_final_project/ros2_ws/install/chess_vision/share/chess_vision/hook/pythonpath.ps1'
[2.931s] INFO:colcon.colcon_core.shell:Creating environment descriptor '/robotics_final_project/ros2_ws/install/chess_vision/share/chess_vision/hook/pythonpath.dsv'
[2.931s] INFO:colcon.colcon_core.shell:Creating environment hook '/robotics_final_project/ros2_ws/install/chess_vision/share/chess_vision/hook/pythonpath.sh'
[2.932s] Level 1:colcon.colcon_core.environment:checking '/robotics_final_project/ros2_ws/install/chess_vision/bin'
[2.932s] Level 1:colcon.colcon_core.environment:create_environment_scripts_only(chess_vision)
[2.932s] INFO:colcon.colcon_core.shell:Creating package script '/robotics_final_project/ros2_ws/install/chess_vision/share/chess_vision/package.ps1'
[2.933s] INFO:colcon.colcon_core.shell:Creating package descriptor '/robotics_final_project/ros2_ws/install/chess_vision/share/chess_vision/package.dsv'
[2.933s] INFO:colcon.colcon_core.shell:Creating package script '/robotics_final_project/ros2_ws/install/chess_vision/share/chess_vision/package.sh'
[2.934s] INFO:colcon.colcon_core.shell:Creating package script '/robotics_final_project/ros2_ws/install/chess_vision/share/chess_vision/package.bash'
[2.934s] INFO:colcon.colcon_core.shell:Creating package script '/robotics_final_project/ros2_ws/install/chess_vision/share/chess_vision/package.zsh'
[2.935s] Level 1:colcon.colcon_core.environment:create_file_with_runtime_dependencies(/robotics_final_project/ros2_ws/install/chess_vision/share/colcon-core/packages/chess_vision)
[2.935s] DEBUG:colcon.colcon_parallel_executor.executor.parallel:closing loop
[2.936s] DEBUG:colcon.colcon_parallel_executor.executor.parallel:loop closed
[2.936s] DEBUG:colcon.colcon_parallel_executor.executor.parallel:run_until_complete finished with '0'
[2.936s] DEBUG:colcon.colcon_core.event_reactor:joining thread
[2.985s] INFO:colcon.colcon_core.plugin_system:Skipping extension 'colcon_notification.desktop_notification.notify_send': Could not find 'notify-send'
[2.985s] INFO:colcon.colcon_core.plugin_system:Skipping extension 'colcon_notification.desktop_notification.terminal_notifier': Not used on non-Darwin systems
[2.985s] INFO:colcon.colcon_core.plugin_system:Skipping extension 'colcon_notification.desktop_notification.win32': Not used on non-Windows systems
[2.985s] INFO:colcon.colcon_notification.desktop_notification:Sending desktop notification using 'notify2'
[2.985s] DEBUG:colcon.colcon_notification.desktop_notification.notify2:Failed to initialize notify2: org.freedesktop.DBus.Error.NotSupported: Unable to autolaunch a dbus-daemon without a $DISPLAY for X11
[2.986s] DEBUG:colcon.colcon_core.event_reactor:joined thread
[2.986s] INFO:colcon.colcon_core.shell:Creating prefix script '/robotics_final_project/ros2_ws/install/local_setup.ps1'
[2.987s] INFO:colcon.colcon_core.shell:Creating prefix util module '/robotics_final_project/ros2_ws/install/_local_setup_util_ps1.py'
[2.990s] INFO:colcon.colcon_core.shell:Creating prefix chain script '/robotics_final_project/ros2_ws/install/setup.ps1'
[2.991s] INFO:colcon.colcon_core.shell:Creating prefix script '/robotics_final_project/ros2_ws/install/local_setup.sh'
[2.993s] INFO:colcon.colcon_core.shell:Creating prefix util module '/robotics_final_project/ros2_ws/install/_local_setup_util_sh.py'
[2.994s] INFO:colcon.colcon_core.shell:Creating prefix chain script '/robotics_final_project/ros2_ws/install/setup.sh'
[2.996s] INFO:colcon.colcon_core.shell:Creating prefix script '/robotics_final_project/ros2_ws/install/local_setup.bash'
[2.997s] INFO:colcon.colcon_core.shell:Creating prefix chain script '/robotics_final_project/ros2_ws/install/setup.bash'
[2.999s] INFO:colcon.colcon_core.shell:Creating prefix script '/robotics_final_project/ros2_ws/install/local_setup.zsh'
[3.000s] INFO:colcon.colcon_core.shell:Creating prefix chain script '/robotics_final_project/ros2_ws/install/setup.zsh'
