[1.231s] Invoking command in '/robotics_final_project/ros2_ws/build/game_state': PYTHONPATH=/robotics_final_project/ros2_ws/build/game_state/prefix_override:/usr/lib/python3/dist-packages/colcon_core/task/python/colcon_distutils_commands:/robotics_final_project/ros2_ws/install/game_state/lib/python3.12/site-packages:${PYTHONPATH} /usr/bin/python3 -W ignore:setup.py install is deprecated -W ignore:easy_install command is deprecated setup.py develop --editable --build-directory /robotics_final_project/ros2_ws/build/game_state/build --no-deps symlink_data
[1.638s] running develop
[1.818s] running egg_info
[1.818s] creating game_state.egg-info
[1.832s] writing game_state.egg-info/PKG-INFO
[1.832s] writing dependency_links to game_state.egg-info/dependency_links.txt
[1.832s] writing entry points to game_state.egg-info/entry_points.txt
[1.832s] writing requirements to game_state.egg-info/requires.txt
[1.832s] writing top-level names to game_state.egg-info/top_level.txt
[1.832s] writing manifest file 'game_state.egg-info/SOURCES.txt'
[1.862s] reading manifest file 'game_state.egg-info/SOURCES.txt'
[1.862s] writing manifest file 'game_state.egg-info/SOURCES.txt'
[1.879s] running build_ext
[1.879s] Creating /robotics_final_project/ros2_ws/install/game_state/lib/python3.12/site-packages/game-state.egg-link (link to .)
[1.879s] Installing game_state_processor script to /robotics_final_project/ros2_ws/install/game_state/lib/game_state
[1.879s] 
[1.879s] Installed /robotics_final_project/ros2_ws/build/game_state
[1.880s] running symlink_data
[1.880s] creating /robotics_final_project/ros2_ws/install/game_state/share/ament_index
[1.881s] creating /robotics_final_project/ros2_ws/install/game_state/share/ament_index/resource_index
[1.881s] creating /robotics_final_project/ros2_ws/install/game_state/share/ament_index/resource_index/packages
[1.882s] symbolically linking /robotics_final_project/ros2_ws/build/game_state/resource/game_state -> /robotics_final_project/ros2_ws/install/game_state/share/ament_index/resource_index/packages
[1.882s] symbolically linking /robotics_final_project/ros2_ws/build/game_state/package.xml -> /robotics_final_project/ros2_ws/install/game_state/share/game_state
[1.883s] creating /robotics_final_project/ros2_ws/install/game_state/share/game_state/srv
[1.883s] symbolically linking /robotics_final_project/ros2_ws/build/game_state/srv/GetBoardState.srv -> /robotics_final_project/ros2_ws/install/game_state/share/game_state/srv
[1.883s] creating /robotics_final_project/ros2_ws/install/game_state/share/game_state/trained_models
[1.883s] symbolically linking /robotics_final_project/ros2_ws/build/game_state/game_state/trained_models/best.pt -> /robotics_final_project/ros2_ws/install/game_state/share/game_state/trained_models
[1.918s] Invoked command in '/robotics_final_project/ros2_ws/build/game_state' returned '0': PYTHONPATH=/robotics_final_project/ros2_ws/build/game_state/prefix_override:/usr/lib/python3/dist-packages/colcon_core/task/python/colcon_distutils_commands:/robotics_final_project/ros2_ws/install/game_state/lib/python3.12/site-packages:${PYTHONPATH} /usr/bin/python3 -W ignore:setup.py install is deprecated -W ignore:easy_install command is deprecated setup.py develop --editable --build-directory /robotics_final_project/ros2_ws/build/game_state/build --no-deps symlink_data
