running develop
running egg_info
creating chess_vision.egg-info
writing chess_vision.egg-info/PKG-INFO
writing dependency_links to chess_vision.egg-info/dependency_links.txt
writing entry points to chess_vision.egg-info/entry_points.txt
writing requirements to chess_vision.egg-info/requires.txt
writing top-level names to chess_vision.egg-info/top_level.txt
writing manifest file 'chess_vision.egg-info/SOURCES.txt'
reading manifest file 'chess_vision.egg-info/SOURCES.txt'
writing manifest file 'chess_vision.egg-info/SOURCES.txt'
running build_ext
Creating /robotics_final_project/ros2_ws/install/chess_vision/lib/python3.12/site-packages/chess-vision.egg-link (link to .)
Installing camera_feed script to /robotics_final_project/ros2_ws/install/chess_vision/lib/chess_vision
Installing homography_processor script to /robotics_final_project/ros2_ws/install/chess_vision/lib/chess_vision

Installed /robotics_final_project/ros2_ws/build/chess_vision
running symlink_data
creating /robotics_final_project/ros2_ws/install/chess_vision/share/ament_index
creating /robotics_final_project/ros2_ws/install/chess_vision/share/ament_index/resource_index
creating /robotics_final_project/ros2_ws/install/chess_vision/share/ament_index/resource_index/packages
symbolically linking /robotics_final_project/ros2_ws/build/chess_vision/resource/chess_vision -> /robotics_final_project/ros2_ws/install/chess_vision/share/ament_index/resource_index/packages
symbolically linking /robotics_final_project/ros2_ws/build/chess_vision/package.xml -> /robotics_final_project/ros2_ws/install/chess_vision/share/chess_vision
