[1.236s] Invoking command in '/robotics_final_project/ros2_ws/build/chess_vision': PYTHONPATH=/robotics_final_project/ros2_ws/build/chess_vision/prefix_override:/usr/lib/python3/dist-packages/colcon_core/task/python/colcon_distutils_commands:/robotics_final_project/ros2_ws/install/chess_vision/lib/python3.12/site-packages:${PYTHONPATH} /usr/bin/python3 -W ignore:setup.py install is deprecated -W ignore:easy_install command is deprecated setup.py develop --editable --build-directory /robotics_final_project/ros2_ws/build/chess_vision/build --no-deps symlink_data
[1.646s] running develop
[1.803s] running egg_info
[1.804s] creating chess_vision.egg-info
[1.818s] writing chess_vision.egg-info/PKG-INFO
[1.818s] writing dependency_links to chess_vision.egg-info/dependency_links.txt
[1.818s] writing entry points to chess_vision.egg-info/entry_points.txt
[1.818s] writing requirements to chess_vision.egg-info/requires.txt
[1.818s] writing top-level names to chess_vision.egg-info/top_level.txt
[1.819s] writing manifest file 'chess_vision.egg-info/SOURCES.txt'
[1.847s] reading manifest file 'chess_vision.egg-info/SOURCES.txt'
[1.848s] writing manifest file 'chess_vision.egg-info/SOURCES.txt'
[1.863s] running build_ext
[1.863s] Creating /robotics_final_project/ros2_ws/install/chess_vision/lib/python3.12/site-packages/chess-vision.egg-link (link to .)
[1.864s] Installing camera_feed script to /robotics_final_project/ros2_ws/install/chess_vision/lib/chess_vision
[1.864s] Installing homography_processor script to /robotics_final_project/ros2_ws/install/chess_vision/lib/chess_vision
[1.864s] 
[1.864s] Installed /robotics_final_project/ros2_ws/build/chess_vision
[1.864s] running symlink_data
[1.865s] creating /robotics_final_project/ros2_ws/install/chess_vision/share/ament_index
[1.865s] creating /robotics_final_project/ros2_ws/install/chess_vision/share/ament_index/resource_index
[1.865s] creating /robotics_final_project/ros2_ws/install/chess_vision/share/ament_index/resource_index/packages
[1.865s] symbolically linking /robotics_final_project/ros2_ws/build/chess_vision/resource/chess_vision -> /robotics_final_project/ros2_ws/install/chess_vision/share/ament_index/resource_index/packages
[1.865s] symbolically linking /robotics_final_project/ros2_ws/build/chess_vision/package.xml -> /robotics_final_project/ros2_ws/install/chess_vision/share/chess_vision
[1.905s] Invoked command in '/robotics_final_project/ros2_ws/build/chess_vision' returned '0': PYTHONPATH=/robotics_final_project/ros2_ws/build/chess_vision/prefix_override:/usr/lib/python3/dist-packages/colcon_core/task/python/colcon_distutils_commands:/robotics_final_project/ros2_ws/install/chess_vision/lib/python3.12/site-packages:${PYTHONPATH} /usr/bin/python3 -W ignore:setup.py install is deprecated -W ignore:easy_install command is deprecated setup.py develop --editable --build-directory /robotics_final_project/ros2_ws/build/chess_vision/build --no-deps symlink_data
