[1.459s] Invoking command in '/robotics_final_project/ros2_ws/build/chess_vision': PS1=(venv) \[\e]0;\u@\h: \w\a\]${debian_chroot:+($debian_chroot)}\u@\h:\w\$ PYTHONPATH=/robotics_final_project/ros2_ws/build/chess_vision/prefix_override:/usr/lib/python3/dist-packages/colcon_core/task/python/colcon_distutils_commands:/robotics_final_project/ros2_ws/install/chess_vision/lib/python3.12/site-packages:${PYTHONPATH} VIRTUAL_ENV_PROMPT=(venv) /usr/bin/python3 -W ignore:setup.py install is deprecated -W ignore:easy_install command is deprecated setup.py develop --editable --build-directory /robotics_final_project/ros2_ws/build/chess_vision/build --no-deps symlink_data --force
[1.887s] running develop
[2.109s] running egg_info
[2.129s] writing chess_vision.egg-info/PKG-INFO
[2.130s] writing dependency_links to chess_vision.egg-info/dependency_links.txt
[2.131s] writing entry points to chess_vision.egg-info/entry_points.txt
[2.131s] writing requirements to chess_vision.egg-info/requires.txt
[2.131s] writing top-level names to chess_vision.egg-info/top_level.txt
[2.174s] reading manifest file 'chess_vision.egg-info/SOURCES.txt'
[2.176s] writing manifest file 'chess_vision.egg-info/SOURCES.txt'
[2.199s] running build_ext
[2.209s] Creating /robotics_final_project/ros2_ws/install/chess_vision/lib/python3.12/site-packages/chess-vision.egg-link (link to .)
[2.209s] Installing camera_publisher script to /robotics_final_project/ros2_ws/install/chess_vision/lib/chess_vision
[2.210s] Installing homography_processor script to /robotics_final_project/ros2_ws/install/chess_vision/lib/chess_vision
[2.210s] 
[2.210s] Installed /robotics_final_project/ros2_ws/build/chess_vision
[2.210s] running symlink_data
[2.212s] symbolically linking /robotics_final_project/ros2_ws/build/chess_vision/resource/chess_vision -> /robotics_final_project/ros2_ws/install/chess_vision/share/ament_index/resource_index/packages
[2.212s] symbolically linking /robotics_final_project/ros2_ws/build/chess_vision/package.xml -> /robotics_final_project/ros2_ws/install/chess_vision/share/chess_vision
[2.288s] Invoked command in '/robotics_final_project/ros2_ws/build/chess_vision' returned '0': PS1=(venv) \[\e]0;\u@\h: \w\a\]${debian_chroot:+($debian_chroot)}\u@\h:\w\$ PYTHONPATH=/robotics_final_project/ros2_ws/build/chess_vision/prefix_override:/usr/lib/python3/dist-packages/colcon_core/task/python/colcon_distutils_commands:/robotics_final_project/ros2_ws/install/chess_vision/lib/python3.12/site-packages:${PYTHONPATH} VIRTUAL_ENV_PROMPT=(venv) /usr/bin/python3 -W ignore:setup.py install is deprecated -W ignore:easy_install command is deprecated setup.py develop --editable --build-directory /robotics_final_project/ros2_ws/build/chess_vision/build --no-deps symlink_data --force
