running egg_info
creating ../../build/game_state/game_state.egg-info
writing ../../build/game_state/game_state.egg-info/PKG-INFO
writing dependency_links to ../../build/game_state/game_state.egg-info/dependency_links.txt
writing requirements to ../../build/game_state/game_state.egg-info/requires.txt
writing top-level names to ../../build/game_state/game_state.egg-info/top_level.txt
writing manifest file '../../build/game_state/game_state.egg-info/SOURCES.txt'
reading manifest file '../../build/game_state/game_state.egg-info/SOURCES.txt'
writing manifest file '../../build/game_state/game_state.egg-info/SOURCES.txt'
running build
running build_py
creating /robotics_final_project/ros2_ws/build/game_state/build
creating /robotics_final_project/ros2_ws/build/game_state/build/lib
creating /robotics_final_project/ros2_ws/build/game_state/build/lib/game_state
copying game_state/__init__.py -> /robotics_final_project/ros2_ws/build/game_state/build/lib/game_state
running install
running install_lib
creating /robotics_final_project/ros2_ws/install/game_state/lib/python3.12/site-packages/game_state
copying /robotics_final_project/ros2_ws/build/game_state/build/lib/game_state/__init__.py -> /robotics_final_project/ros2_ws/install/game_state/lib/python3.12/site-packages/game_state
byte-compiling /robotics_final_project/ros2_ws/install/game_state/lib/python3.12/site-packages/game_state/__init__.py to __init__.cpython-312.pyc
running install_data
creating /robotics_final_project/ros2_ws/install/game_state/share/ament_index
creating /robotics_final_project/ros2_ws/install/game_state/share/ament_index/resource_index
creating /robotics_final_project/ros2_ws/install/game_state/share/ament_index/resource_index/packages
copying resource/game_state -> /robotics_final_project/ros2_ws/install/game_state/share/ament_index/resource_index/packages
copying package.xml -> /robotics_final_project/ros2_ws/install/game_state/share/game_state
running install_egg_info
Copying ../../build/game_state/game_state.egg-info to /robotics_final_project/ros2_ws/install/game_state/lib/python3.12/site-packages/game_state-0.0.0-py3.12.egg-info
running install_scripts
writing list of installed files to '/robotics_final_project/ros2_ws/build/game_state/install.log'
