[0.425s] DEBUG:colcon:Command line arguments: ['/usr/bin/colcon', 'build', '--symlink-install']
[0.425s] DEBUG:colcon:Parsed command line arguments: Namespace(log_base=None, log_level=None, verb_name='build', build_base='build', install_base='install', merge_install=False, symlink_install=True, test_result_base=None, continue_on_error=False, executor='parallel', parallel_workers=16, event_handlers=None, ignore_user_meta=False, metas=['./colcon.meta'], base_paths=['.'], packages_ignore=None, packages_ignore_regex=None, paths=None, packages_up_to=None, packages_up_to_regex=None, packages_above=None, packages_above_and_dependencies=None, packages_above_depth=None, packages_select_by_dep=None, packages_skip_by_dep=None, packages_skip_up_to=None, packages_select_build_failed=False, packages_skip_build_finished=False, packages_select_test_failures=False, packages_skip_test_passed=False, packages_select=None, packages_skip=None, packages_select_regex=None, packages_skip_regex=None, packages_start=None, packages_end=None, cmake_args=None, cmake_target=None, cmake_target_skip_unavailable=False, cmake_clean_cache=False, cmake_clean_first=False, cmake_force_configure=False, ament_cmake_args=None, catkin_cmake_args=None, catkin_skip_building_tests=False, mixin_files=None, mixin=None, verb_parser=<colcon_mixin.mixin.mixin_argument.MixinArgumentDecorator object at 0x7836a9344350>, verb_extension=<colcon_core.verb.build.BuildVerb object at 0x7836a92ce420>, main=<bound method BuildVerb.main of <colcon_core.verb.build.BuildVerb object at 0x7836a92ce420>>, mixin_verb=('build',))
[0.550s] Level 1:colcon.colcon_core.package_discovery:discover_packages(colcon_meta) check parameters
[0.552s] INFO:colcon.colcon_metadata.package_discovery.colcon_meta:Using configuration from '/root/.colcon/metadata/default/Gazebo.meta'
[0.553s] INFO:colcon.colcon_metadata.package_discovery.colcon_meta:Using configuration from '/root/.colcon/metadata/default/fastdds.meta'
[0.554s] INFO:colcon.colcon_metadata.package_discovery.colcon_meta:Using configuration from '/root/.colcon/metadata/default/fastrtps.meta'
[0.554s] Level 1:colcon.colcon_core.package_discovery:discover_packages(recursive) check parameters
[0.554s] Level 1:colcon.colcon_core.package_discovery:discover_packages(ignore) check parameters
[0.554s] Level 1:colcon.colcon_core.package_discovery:discover_packages(path) check parameters
[0.554s] Level 1:colcon.colcon_core.package_discovery:discover_packages(colcon_meta) discover
[0.554s] Level 1:colcon.colcon_core.package_discovery:discover_packages(recursive) discover
[0.554s] INFO:colcon.colcon_core.package_discovery:Crawling recursively for packages in '/robotics_final_project/ros2_ws'
[0.554s] Level 1:colcon.colcon_core.package_identification:_identify(.) by extensions ['ignore', 'ignore_ament_install']
[0.554s] Level 1:colcon.colcon_core.package_identification:_identify(.) by extension 'ignore'
[0.554s] Level 1:colcon.colcon_core.package_identification:_identify(.) by extension 'ignore_ament_install'
[0.554s] Level 1:colcon.colcon_core.package_identification:_identify(.) by extensions ['colcon_pkg']
[0.554s] Level 1:colcon.colcon_core.package_identification:_identify(.) by extension 'colcon_pkg'
[0.554s] Level 1:colcon.colcon_core.package_identification:_identify(.) by extensions ['colcon_meta']
[0.554s] Level 1:colcon.colcon_core.package_identification:_identify(.) by extension 'colcon_meta'
[0.554s] Level 1:colcon.colcon_core.package_identification:_identify(.) by extensions ['ros']
[0.554s] Level 1:colcon.colcon_core.package_identification:_identify(.) by extension 'ros'
[0.610s] Level 1:colcon.colcon_core.package_identification:_identify(.) by extensions ['cmake', 'python']
[0.610s] Level 1:colcon.colcon_core.package_identification:_identify(.) by extension 'cmake'
[0.610s] Level 1:colcon.colcon_core.package_identification:_identify(.) by extension 'python'
[0.610s] Level 1:colcon.colcon_core.package_identification:_identify(.) by extensions ['python_setup_py']
[0.610s] Level 1:colcon.colcon_core.package_identification:_identify(.) by extension 'python_setup_py'
[0.611s] Level 1:colcon.colcon_core.package_identification:_identify(build) by extensions ['ignore', 'ignore_ament_install']
[0.611s] Level 1:colcon.colcon_core.package_identification:_identify(build) by extension 'ignore'
[0.611s] Level 1:colcon.colcon_core.package_identification:_identify(build) ignored
[0.612s] Level 1:colcon.colcon_core.package_identification:_identify(install) by extensions ['ignore', 'ignore_ament_install']
[0.612s] Level 1:colcon.colcon_core.package_identification:_identify(install) by extension 'ignore'
[0.612s] Level 1:colcon.colcon_core.package_identification:_identify(install) ignored
[0.612s] Level 1:colcon.colcon_core.package_identification:_identify(log) by extensions ['ignore', 'ignore_ament_install']
[0.612s] Level 1:colcon.colcon_core.package_identification:_identify(log) by extension 'ignore'
[0.612s] Level 1:colcon.colcon_core.package_identification:_identify(log) ignored
[0.612s] Level 1:colcon.colcon_core.package_identification:_identify(src) by extensions ['ignore', 'ignore_ament_install']
[0.612s] Level 1:colcon.colcon_core.package_identification:_identify(src) by extension 'ignore'
[0.612s] Level 1:colcon.colcon_core.package_identification:_identify(src) by extension 'ignore_ament_install'
[0.612s] Level 1:colcon.colcon_core.package_identification:_identify(src) by extensions ['colcon_pkg']
[0.612s] Level 1:colcon.colcon_core.package_identification:_identify(src) by extension 'colcon_pkg'
[0.612s] Level 1:colcon.colcon_core.package_identification:_identify(src) by extensions ['colcon_meta']
[0.612s] Level 1:colcon.colcon_core.package_identification:_identify(src) by extension 'colcon_meta'
[0.612s] Level 1:colcon.colcon_core.package_identification:_identify(src) by extensions ['ros']
[0.613s] Level 1:colcon.colcon_core.package_identification:_identify(src) by extension 'ros'
[0.613s] Level 1:colcon.colcon_core.package_identification:_identify(src) by extensions ['cmake', 'python']
[0.613s] Level 1:colcon.colcon_core.package_identification:_identify(src) by extension 'cmake'
[0.613s] Level 1:colcon.colcon_core.package_identification:_identify(src) by extension 'python'
[0.613s] Level 1:colcon.colcon_core.package_identification:_identify(src) by extensions ['python_setup_py']
[0.613s] Level 1:colcon.colcon_core.package_identification:_identify(src) by extension 'python_setup_py'
[0.613s] Level 1:colcon.colcon_core.package_identification:_identify(src/chess_vision) by extensions ['ignore', 'ignore_ament_install']
[0.613s] Level 1:colcon.colcon_core.package_identification:_identify(src/chess_vision) by extension 'ignore'
[0.613s] Level 1:colcon.colcon_core.package_identification:_identify(src/chess_vision) by extension 'ignore_ament_install'
[0.613s] Level 1:colcon.colcon_core.package_identification:_identify(src/chess_vision) by extensions ['colcon_pkg']
[0.613s] Level 1:colcon.colcon_core.package_identification:_identify(src/chess_vision) by extension 'colcon_pkg'
[0.613s] Level 1:colcon.colcon_core.package_identification:_identify(src/chess_vision) by extensions ['colcon_meta']
[0.613s] Level 1:colcon.colcon_core.package_identification:_identify(src/chess_vision) by extension 'colcon_meta'
[0.613s] Level 1:colcon.colcon_core.package_identification:_identify(src/chess_vision) by extensions ['ros']
[0.613s] Level 1:colcon.colcon_core.package_identification:_identify(src/chess_vision) by extension 'ros'
[0.618s] DEBUG:colcon.colcon_core.package_identification:Package 'src/chess_vision' with type 'ros.ament_python' and name 'chess_vision'
[0.618s] Level 1:colcon.colcon_core.package_identification:_identify(src/game_state) by extensions ['ignore', 'ignore_ament_install']
[0.618s] Level 1:colcon.colcon_core.package_identification:_identify(src/game_state) by extension 'ignore'
[0.618s] Level 1:colcon.colcon_core.package_identification:_identify(src/game_state) by extension 'ignore_ament_install'
[0.618s] Level 1:colcon.colcon_core.package_identification:_identify(src/game_state) by extensions ['colcon_pkg']
[0.618s] Level 1:colcon.colcon_core.package_identification:_identify(src/game_state) by extension 'colcon_pkg'
[0.618s] Level 1:colcon.colcon_core.package_identification:_identify(src/game_state) by extensions ['colcon_meta']
[0.618s] Level 1:colcon.colcon_core.package_identification:_identify(src/game_state) by extension 'colcon_meta'
[0.618s] Level 1:colcon.colcon_core.package_identification:_identify(src/game_state) by extensions ['ros']
[0.618s] Level 1:colcon.colcon_core.package_identification:_identify(src/game_state) by extension 'ros'
[0.619s] DEBUG:colcon.colcon_core.package_identification:Package 'src/game_state' with type 'ros.ament_python' and name 'game_state'
[0.619s] Level 1:colcon.colcon_core.package_discovery:discover_packages(recursive) using defaults
[0.619s] Level 1:colcon.colcon_core.package_discovery:discover_packages(ignore) discover
[0.619s] Level 1:colcon.colcon_core.package_discovery:discover_packages(ignore) using defaults
[0.619s] Level 1:colcon.colcon_core.package_discovery:discover_packages(path) discover
[0.619s] Level 1:colcon.colcon_core.package_discovery:discover_packages(path) using defaults
[0.666s] Level 5:colcon.colcon_core.verb:set package 'chess_vision' build argument 'cmake_args' from command line to 'None'
[0.666s] Level 5:colcon.colcon_core.verb:set package 'chess_vision' build argument 'cmake_target' from command line to 'None'
[0.666s] Level 5:colcon.colcon_core.verb:set package 'chess_vision' build argument 'cmake_target_skip_unavailable' from command line to 'False'
[0.666s] Level 5:colcon.colcon_core.verb:set package 'chess_vision' build argument 'cmake_clean_cache' from command line to 'False'
[0.666s] Level 5:colcon.colcon_core.verb:set package 'chess_vision' build argument 'cmake_clean_first' from command line to 'False'
[0.666s] Level 5:colcon.colcon_core.verb:set package 'chess_vision' build argument 'cmake_force_configure' from command line to 'False'
[0.666s] Level 5:colcon.colcon_core.verb:set package 'chess_vision' build argument 'ament_cmake_args' from command line to 'None'
[0.666s] Level 5:colcon.colcon_core.verb:set package 'chess_vision' build argument 'catkin_cmake_args' from command line to 'None'
[0.666s] Level 5:colcon.colcon_core.verb:set package 'chess_vision' build argument 'catkin_skip_building_tests' from command line to 'False'
[0.666s] DEBUG:colcon.colcon_core.verb:Building package 'chess_vision' with the following arguments: {'ament_cmake_args': None, 'build_base': '/robotics_final_project/ros2_ws/build/chess_vision', 'catkin_cmake_args': None, 'catkin_skip_building_tests': False, 'cmake_args': None, 'cmake_clean_cache': False, 'cmake_clean_first': False, 'cmake_force_configure': False, 'cmake_target': None, 'cmake_target_skip_unavailable': False, 'install_base': '/robotics_final_project/ros2_ws/install/chess_vision', 'merge_install': False, 'path': '/robotics_final_project/ros2_ws/src/chess_vision', 'symlink_install': True, 'test_result_base': None}
[0.667s] Level 5:colcon.colcon_core.verb:set package 'game_state' build argument 'cmake_args' from command line to 'None'
[0.667s] Level 5:colcon.colcon_core.verb:set package 'game_state' build argument 'cmake_target' from command line to 'None'
[0.667s] Level 5:colcon.colcon_core.verb:set package 'game_state' build argument 'cmake_target_skip_unavailable' from command line to 'False'
[0.667s] Level 5:colcon.colcon_core.verb:set package 'game_state' build argument 'cmake_clean_cache' from command line to 'False'
[0.667s] Level 5:colcon.colcon_core.verb:set package 'game_state' build argument 'cmake_clean_first' from command line to 'False'
[0.667s] Level 5:colcon.colcon_core.verb:set package 'game_state' build argument 'cmake_force_configure' from command line to 'False'
[0.667s] Level 5:colcon.colcon_core.verb:set package 'game_state' build argument 'ament_cmake_args' from command line to 'None'
[0.667s] Level 5:colcon.colcon_core.verb:set package 'game_state' build argument 'catkin_cmake_args' from command line to 'None'
[0.667s] Level 5:colcon.colcon_core.verb:set package 'game_state' build argument 'catkin_skip_building_tests' from command line to 'False'
[0.667s] DEBUG:colcon.colcon_core.verb:Building package 'game_state' with the following arguments: {'ament_cmake_args': None, 'build_base': '/robotics_final_project/ros2_ws/build/game_state', 'catkin_cmake_args': None, 'catkin_skip_building_tests': False, 'cmake_args': None, 'cmake_clean_cache': False, 'cmake_clean_first': False, 'cmake_force_configure': False, 'cmake_target': None, 'cmake_target_skip_unavailable': False, 'install_base': '/robotics_final_project/ros2_ws/install/game_state', 'merge_install': False, 'path': '/robotics_final_project/ros2_ws/src/game_state', 'symlink_install': True, 'test_result_base': None}
[0.667s] INFO:colcon.colcon_core.executor:Executing jobs using 'parallel' executor
[0.668s] DEBUG:colcon.colcon_parallel_executor.executor.parallel:run_until_complete
[0.669s] INFO:colcon.colcon_ros.task.ament_python.build:Building ROS package in '/robotics_final_project/ros2_ws/src/chess_vision' with build type 'ament_python'
[0.669s] Level 1:colcon.colcon_core.shell:create_environment_hook('chess_vision', 'ament_prefix_path')
[0.678s] INFO:colcon.colcon_core.plugin_system:Skipping extension 'colcon_core.shell.bat': Not used on non-Windows systems
[0.678s] INFO:colcon.colcon_core.shell:Creating environment hook '/robotics_final_project/ros2_ws/install/chess_vision/share/chess_vision/hook/ament_prefix_path.ps1'
[0.679s] INFO:colcon.colcon_core.shell:Creating environment descriptor '/robotics_final_project/ros2_ws/install/chess_vision/share/chess_vision/hook/ament_prefix_path.dsv'
[0.680s] INFO:colcon.colcon_core.shell:Creating environment hook '/robotics_final_project/ros2_ws/install/chess_vision/share/chess_vision/hook/ament_prefix_path.sh'
[0.681s] INFO:colcon.colcon_core.shell:Skip shell extension 'powershell' for command environment: Not usable outside of PowerShell
[0.681s] DEBUG:colcon.colcon_core.shell:Skip shell extension 'dsv' for command environment
[0.693s] INFO:colcon.colcon_ros.task.ament_python.build:Building ROS package in '/robotics_final_project/ros2_ws/src/game_state' with build type 'ament_python'
[0.693s] Level 1:colcon.colcon_core.shell:create_environment_hook('game_state', 'ament_prefix_path')
[0.694s] INFO:colcon.colcon_core.shell:Creating environment hook '/robotics_final_project/ros2_ws/install/game_state/share/game_state/hook/ament_prefix_path.ps1'
[0.694s] INFO:colcon.colcon_core.shell:Creating environment descriptor '/robotics_final_project/ros2_ws/install/game_state/share/game_state/hook/ament_prefix_path.dsv'
[0.695s] INFO:colcon.colcon_core.shell:Creating environment hook '/robotics_final_project/ros2_ws/install/game_state/share/game_state/hook/ament_prefix_path.sh'
[0.695s] INFO:colcon.colcon_core.shell:Skip shell extension 'powershell' for command environment: Not usable outside of PowerShell
[0.696s] DEBUG:colcon.colcon_core.shell:Skip shell extension 'dsv' for command environment
[1.066s] INFO:colcon.colcon_core.task.python.build:Building Python package in '/robotics_final_project/ros2_ws/src/chess_vision'
[1.066s] INFO:colcon.colcon_core.shell:Skip shell extension 'powershell' for command environment: Not usable outside of PowerShell
[1.066s] DEBUG:colcon.colcon_core.shell:Skip shell extension 'dsv' for command environment
[1.331s] INFO:colcon.colcon_core.task.python.build:Building Python package in '/robotics_final_project/ros2_ws/src/game_state'
[1.331s] INFO:colcon.colcon_core.shell:Skip shell extension 'powershell' for command environment: Not usable outside of PowerShell
[1.331s] DEBUG:colcon.colcon_core.shell:Skip shell extension 'dsv' for command environment
[2.246s] DEBUG:colcon.colcon_core.event_handler.log_command:Invoking command in '/robotics_final_project/ros2_ws/build/chess_vision': PS1=(venv) \[\e]0;\u@\h: \w\a\]${debian_chroot:+($debian_chroot)}\u@\h:\w\$ PYTHONPATH=/robotics_final_project/ros2_ws/build/chess_vision/prefix_override:/usr/lib/python3/dist-packages/colcon_core/task/python/colcon_distutils_commands:/robotics_final_project/ros2_ws/install/chess_vision/lib/python3.12/site-packages:${PYTHONPATH} VIRTUAL_ENV_PROMPT=(venv) /usr/bin/python3 -W ignore:setup.py install is deprecated -W ignore:easy_install command is deprecated setup.py develop --editable --build-directory /robotics_final_project/ros2_ws/build/chess_vision/build --no-deps symlink_data
[2.258s] DEBUG:colcon.colcon_core.event_handler.log_command:Invoking command in '/robotics_final_project/ros2_ws/build/game_state': PS1=(venv) \[\e]0;\u@\h: \w\a\]${debian_chroot:+($debian_chroot)}\u@\h:\w\$ PYTHONPATH=/robotics_final_project/ros2_ws/build/game_state/prefix_override:/usr/lib/python3/dist-packages/colcon_core/task/python/colcon_distutils_commands:/robotics_final_project/ros2_ws/install/game_state/lib/python3.12/site-packages:${PYTHONPATH} VIRTUAL_ENV_PROMPT=(venv) /usr/bin/python3 -W ignore:setup.py install is deprecated -W ignore:easy_install command is deprecated setup.py develop --editable --build-directory /robotics_final_project/ros2_ws/build/game_state/build --no-deps symlink_data
[3.033s] Level 1:colcon.colcon_core.shell:create_environment_hook('chess_vision', 'pythonpath_develop')
[3.033s] DEBUG:colcon.colcon_core.event_handler.log_command:Invoked command in '/robotics_final_project/ros2_ws/build/chess_vision' returned '0': PS1=(venv) \[\e]0;\u@\h: \w\a\]${debian_chroot:+($debian_chroot)}\u@\h:\w\$ PYTHONPATH=/robotics_final_project/ros2_ws/build/chess_vision/prefix_override:/usr/lib/python3/dist-packages/colcon_core/task/python/colcon_distutils_commands:/robotics_final_project/ros2_ws/install/chess_vision/lib/python3.12/site-packages:${PYTHONPATH} VIRTUAL_ENV_PROMPT=(venv) /usr/bin/python3 -W ignore:setup.py install is deprecated -W ignore:easy_install command is deprecated setup.py develop --editable --build-directory /robotics_final_project/ros2_ws/build/chess_vision/build --no-deps symlink_data
[3.034s] INFO:colcon.colcon_core.shell:Creating environment hook '/robotics_final_project/ros2_ws/build/chess_vision/share/chess_vision/hook/pythonpath_develop.ps1'
[3.035s] INFO:colcon.colcon_core.shell:Creating environment descriptor '/robotics_final_project/ros2_ws/build/chess_vision/share/chess_vision/hook/pythonpath_develop.dsv'
[3.035s] INFO:colcon.colcon_core.shell:Creating environment hook '/robotics_final_project/ros2_ws/build/chess_vision/share/chess_vision/hook/pythonpath_develop.sh'
[3.045s] Level 1:colcon.colcon_core.environment:checking '/robotics_final_project/ros2_ws/install/chess_vision' for CMake module files
[3.047s] Level 1:colcon.colcon_core.environment:checking '/robotics_final_project/ros2_ws/install/chess_vision' for CMake config files
[3.051s] Level 1:colcon.colcon_core.environment:checking '/robotics_final_project/ros2_ws/install/chess_vision/lib'
[3.051s] Level 1:colcon.colcon_core.environment:checking '/robotics_final_project/ros2_ws/install/chess_vision/bin'
[3.051s] Level 1:colcon.colcon_core.environment:checking '/robotics_final_project/ros2_ws/install/chess_vision/lib/pkgconfig/chess_vision.pc'
[3.052s] Level 1:colcon.colcon_core.environment:checking '/robotics_final_project/ros2_ws/install/chess_vision/lib/python3.12/site-packages'
[3.052s] Level 1:colcon.colcon_core.shell:create_environment_hook('chess_vision', 'pythonpath')
[3.052s] INFO:colcon.colcon_core.shell:Creating environment hook '/robotics_final_project/ros2_ws/install/chess_vision/share/chess_vision/hook/pythonpath.ps1'
[3.053s] INFO:colcon.colcon_core.shell:Creating environment descriptor '/robotics_final_project/ros2_ws/install/chess_vision/share/chess_vision/hook/pythonpath.dsv'
[3.053s] INFO:colcon.colcon_core.shell:Creating environment hook '/robotics_final_project/ros2_ws/install/chess_vision/share/chess_vision/hook/pythonpath.sh'
[3.054s] Level 1:colcon.colcon_core.environment:checking '/robotics_final_project/ros2_ws/install/chess_vision/bin'
[3.054s] Level 1:colcon.colcon_core.environment:create_environment_scripts_only(chess_vision)
[3.054s] INFO:colcon.colcon_core.shell:Creating package script '/robotics_final_project/ros2_ws/install/chess_vision/share/chess_vision/package.ps1'
[3.055s] INFO:colcon.colcon_core.shell:Creating package descriptor '/robotics_final_project/ros2_ws/install/chess_vision/share/chess_vision/package.dsv'
[3.056s] INFO:colcon.colcon_core.shell:Creating package script '/robotics_final_project/ros2_ws/install/chess_vision/share/chess_vision/package.sh'
[3.058s] INFO:colcon.colcon_core.shell:Creating package script '/robotics_final_project/ros2_ws/install/chess_vision/share/chess_vision/package.bash'
[3.058s] INFO:colcon.colcon_core.shell:Creating package script '/robotics_final_project/ros2_ws/install/chess_vision/share/chess_vision/package.zsh'
[3.059s] Level 1:colcon.colcon_core.environment:create_file_with_runtime_dependencies(/robotics_final_project/ros2_ws/install/chess_vision/share/colcon-core/packages/chess_vision)
[3.061s] Level 1:colcon.colcon_core.shell:create_environment_hook('game_state', 'pythonpath_develop')
[3.062s] INFO:colcon.colcon_core.shell:Creating environment hook '/robotics_final_project/ros2_ws/build/game_state/share/game_state/hook/pythonpath_develop.ps1'
[3.062s] DEBUG:colcon.colcon_core.event_handler.log_command:Invoked command in '/robotics_final_project/ros2_ws/build/game_state' returned '0': PS1=(venv) \[\e]0;\u@\h: \w\a\]${debian_chroot:+($debian_chroot)}\u@\h:\w\$ PYTHONPATH=/robotics_final_project/ros2_ws/build/game_state/prefix_override:/usr/lib/python3/dist-packages/colcon_core/task/python/colcon_distutils_commands:/robotics_final_project/ros2_ws/install/game_state/lib/python3.12/site-packages:${PYTHONPATH} VIRTUAL_ENV_PROMPT=(venv) /usr/bin/python3 -W ignore:setup.py install is deprecated -W ignore:easy_install command is deprecated setup.py develop --editable --build-directory /robotics_final_project/ros2_ws/build/game_state/build --no-deps symlink_data
[3.063s] INFO:colcon.colcon_core.shell:Creating environment descriptor '/robotics_final_project/ros2_ws/build/game_state/share/game_state/hook/pythonpath_develop.dsv'
[3.063s] INFO:colcon.colcon_core.shell:Creating environment hook '/robotics_final_project/ros2_ws/build/game_state/share/game_state/hook/pythonpath_develop.sh'
[3.064s] Level 1:colcon.colcon_core.environment:checking '/robotics_final_project/ros2_ws/install/game_state' for CMake module files
[3.064s] Level 1:colcon.colcon_core.environment:checking '/robotics_final_project/ros2_ws/install/game_state' for CMake config files
[3.067s] Level 1:colcon.colcon_core.environment:checking '/robotics_final_project/ros2_ws/install/game_state/lib'
[3.068s] Level 1:colcon.colcon_core.environment:checking '/robotics_final_project/ros2_ws/install/game_state/bin'
[3.068s] Level 1:colcon.colcon_core.environment:checking '/robotics_final_project/ros2_ws/install/game_state/lib/pkgconfig/game_state.pc'
[3.068s] Level 1:colcon.colcon_core.environment:checking '/robotics_final_project/ros2_ws/install/game_state/lib/python3.12/site-packages'
[3.068s] Level 1:colcon.colcon_core.shell:create_environment_hook('game_state', 'pythonpath')
[3.068s] INFO:colcon.colcon_core.shell:Creating environment hook '/robotics_final_project/ros2_ws/install/game_state/share/game_state/hook/pythonpath.ps1'
[3.069s] INFO:colcon.colcon_core.shell:Creating environment descriptor '/robotics_final_project/ros2_ws/install/game_state/share/game_state/hook/pythonpath.dsv'
[3.069s] INFO:colcon.colcon_core.shell:Creating environment hook '/robotics_final_project/ros2_ws/install/game_state/share/game_state/hook/pythonpath.sh'
[3.070s] Level 1:colcon.colcon_core.environment:checking '/robotics_final_project/ros2_ws/install/game_state/bin'
[3.070s] Level 1:colcon.colcon_core.environment:create_environment_scripts_only(game_state)
[3.070s] INFO:colcon.colcon_core.shell:Creating package script '/robotics_final_project/ros2_ws/install/game_state/share/game_state/package.ps1'
[3.071s] INFO:colcon.colcon_core.shell:Creating package descriptor '/robotics_final_project/ros2_ws/install/game_state/share/game_state/package.dsv'
[3.071s] INFO:colcon.colcon_core.shell:Creating package script '/robotics_final_project/ros2_ws/install/game_state/share/game_state/package.sh'
[3.072s] INFO:colcon.colcon_core.shell:Creating package script '/robotics_final_project/ros2_ws/install/game_state/share/game_state/package.bash'
[3.072s] INFO:colcon.colcon_core.shell:Creating package script '/robotics_final_project/ros2_ws/install/game_state/share/game_state/package.zsh'
[3.072s] Level 1:colcon.colcon_core.environment:create_file_with_runtime_dependencies(/robotics_final_project/ros2_ws/install/game_state/share/colcon-core/packages/game_state)
[3.073s] DEBUG:colcon.colcon_parallel_executor.executor.parallel:closing loop
[3.073s] DEBUG:colcon.colcon_parallel_executor.executor.parallel:loop closed
[3.073s] DEBUG:colcon.colcon_parallel_executor.executor.parallel:run_until_complete finished with '0'
[3.073s] DEBUG:colcon.colcon_core.event_reactor:joining thread
[3.104s] INFO:colcon.colcon_core.plugin_system:Skipping extension 'colcon_notification.desktop_notification.notify_send': Could not find 'notify-send'
[3.104s] INFO:colcon.colcon_core.plugin_system:Skipping extension 'colcon_notification.desktop_notification.terminal_notifier': Not used on non-Darwin systems
[3.104s] INFO:colcon.colcon_core.plugin_system:Skipping extension 'colcon_notification.desktop_notification.win32': Not used on non-Windows systems
[3.104s] INFO:colcon.colcon_notification.desktop_notification:Sending desktop notification using 'notify2'
[3.104s] DEBUG:colcon.colcon_notification.desktop_notification.notify2:Failed to initialize notify2: org.freedesktop.DBus.Error.NotSupported: Unable to autolaunch a dbus-daemon without a $DISPLAY for X11
[3.104s] DEBUG:colcon.colcon_core.event_reactor:joined thread
[3.105s] INFO:colcon.colcon_core.shell:Creating prefix script '/robotics_final_project/ros2_ws/install/local_setup.ps1'
[3.106s] INFO:colcon.colcon_core.shell:Creating prefix util module '/robotics_final_project/ros2_ws/install/_local_setup_util_ps1.py'
[3.108s] INFO:colcon.colcon_core.shell:Creating prefix chain script '/robotics_final_project/ros2_ws/install/setup.ps1'
[3.110s] INFO:colcon.colcon_core.shell:Creating prefix script '/robotics_final_project/ros2_ws/install/local_setup.sh'
[3.112s] INFO:colcon.colcon_core.shell:Creating prefix util module '/robotics_final_project/ros2_ws/install/_local_setup_util_sh.py'
[3.113s] INFO:colcon.colcon_core.shell:Creating prefix chain script '/robotics_final_project/ros2_ws/install/setup.sh'
[3.115s] INFO:colcon.colcon_core.shell:Creating prefix script '/robotics_final_project/ros2_ws/install/local_setup.bash'
[3.116s] INFO:colcon.colcon_core.shell:Creating prefix chain script '/robotics_final_project/ros2_ws/install/setup.bash'
[3.117s] INFO:colcon.colcon_core.shell:Creating prefix script '/robotics_final_project/ros2_ws/install/local_setup.zsh'
[3.118s] INFO:colcon.colcon_core.shell:Creating prefix chain script '/robotics_final_project/ros2_ws/install/setup.zsh'
