[1.310s] Invoking command in '/robotics_final_project/ros2_ws/src/chess_vision': PS1=(venv) \[\e]0;\u@\h: \w\a\]${debian_chroot:+($debian_chroot)}\u@\h:\w\$ PYTHONPATH=/robotics_final_project/ros2_ws/build/chess_vision/prefix_override:/usr/lib/python3/dist-packages/colcon_core/task/python/colcon_distutils_commands:/robotics_final_project/ros2_ws/install/chess_vision/lib/python3.12/site-packages:${PYTHONPATH} VIRTUAL_ENV_PROMPT=(venv) /usr/bin/python3 -W ignore:setup.py install is deprecated -W ignore:easy_install command is deprecated setup.py egg_info --egg-base ../../build/chess_vision build --build-base /robotics_final_project/ros2_ws/build/chess_vision/build install --record /robotics_final_project/ros2_ws/build/chess_vision/install.log --single-version-externally-managed install_data
[1.625s] running egg_info
[1.646s] writing ../../build/chess_vision/chess_vision.egg-info/PKG-INFO
[1.646s] writing dependency_links to ../../build/chess_vision/chess_vision.egg-info/dependency_links.txt
[1.646s] writing requirements to ../../build/chess_vision/chess_vision.egg-info/requires.txt
[1.647s] writing top-level names to ../../build/chess_vision/chess_vision.egg-info/top_level.txt
[1.690s] reading manifest file '../../build/chess_vision/chess_vision.egg-info/SOURCES.txt'
[1.691s] writing manifest file '../../build/chess_vision/chess_vision.egg-info/SOURCES.txt'
[1.691s] running build
[1.691s] running build_py
[1.692s] copying chess_vision/camera_feed.py -> /robotics_final_project/ros2_ws/build/chess_vision/build/lib/chess_vision
[1.692s] copying chess_vision/homography_processor.py -> /robotics_final_project/ros2_ws/build/chess_vision/build/lib/chess_vision
[1.692s] running install
[1.699s] running install_lib
[1.721s] copying /robotics_final_project/ros2_ws/build/chess_vision/build/lib/chess_vision/camera_feed.py -> /robotics_final_project/ros2_ws/install/chess_vision/lib/python3.12/site-packages/chess_vision
[1.721s] copying /robotics_final_project/ros2_ws/build/chess_vision/build/lib/chess_vision/homography_processor.py -> /robotics_final_project/ros2_ws/install/chess_vision/lib/python3.12/site-packages/chess_vision
[1.722s] byte-compiling /robotics_final_project/ros2_ws/install/chess_vision/lib/python3.12/site-packages/chess_vision/camera_feed.py to camera_feed.cpython-312.pyc
[1.723s] byte-compiling /robotics_final_project/ros2_ws/install/chess_vision/lib/python3.12/site-packages/chess_vision/homography_processor.py to homography_processor.cpython-312.pyc
[1.725s] running install_data
[1.725s] running install_egg_info
[1.748s] removing '/robotics_final_project/ros2_ws/install/chess_vision/lib/python3.12/site-packages/chess_vision-0.0.0-py3.12.egg-info' (and everything under it)
[1.749s] Copying ../../build/chess_vision/chess_vision.egg-info to /robotics_final_project/ros2_ws/install/chess_vision/lib/python3.12/site-packages/chess_vision-0.0.0-py3.12.egg-info
[1.750s] running install_scripts
[1.908s] writing list of installed files to '/robotics_final_project/ros2_ws/build/chess_vision/install.log'
[1.963s] Invoked command in '/robotics_final_project/ros2_ws/src/chess_vision' returned '0': PS1=(venv) \[\e]0;\u@\h: \w\a\]${debian_chroot:+($debian_chroot)}\u@\h:\w\$ PYTHONPATH=/robotics_final_project/ros2_ws/build/chess_vision/prefix_override:/usr/lib/python3/dist-packages/colcon_core/task/python/colcon_distutils_commands:/robotics_final_project/ros2_ws/install/chess_vision/lib/python3.12/site-packages:${PYTHONPATH} VIRTUAL_ENV_PROMPT=(venv) /usr/bin/python3 -W ignore:setup.py install is deprecated -W ignore:easy_install command is deprecated setup.py egg_info --egg-base ../../build/chess_vision build --build-base /robotics_final_project/ros2_ws/build/chess_vision/build install --record /robotics_final_project/ros2_ws/build/chess_vision/install.log --single-version-externally-managed install_data
