[1.565s] Invoking command in '/robotics_final_project/ros2_ws/build/game_state': PS1=(venv) \[\e]0;\u@\h: \w\a\]${debian_chroot:+($debian_chroot)}\u@\h:\w\$ PYTHONPATH=/robotics_final_project/ros2_ws/build/game_state/prefix_override:/usr/lib/python3/dist-packages/colcon_core/task/python/colcon_distutils_commands:/robotics_final_project/ros2_ws/install/game_state/lib/python3.12/site-packages:${PYTHONPATH} VIRTUAL_ENV_PROMPT=(venv) /usr/bin/python3 -W ignore:setup.py install is deprecated -W ignore:easy_install command is deprecated setup.py develop --editable --build-directory /robotics_final_project/ros2_ws/build/game_state/build --no-deps symlink_data
[1.975s] running develop
[2.214s] running egg_info
[2.236s] writing game_state.egg-info/PKG-INFO
[2.236s] writing dependency_links to game_state.egg-info/dependency_links.txt
[2.237s] writing entry points to game_state.egg-info/entry_points.txt
[2.237s] writing requirements to game_state.egg-info/requires.txt
[2.237s] writing top-level names to game_state.egg-info/top_level.txt
[2.283s] reading manifest file 'game_state.egg-info/SOURCES.txt'
[2.284s] writing manifest file 'game_state.egg-info/SOURCES.txt'
[2.308s] running build_ext
[2.308s] Creating /robotics_final_project/ros2_ws/install/game_state/lib/python3.12/site-packages/game-state.egg-link (link to .)
[2.309s] Installing game_state_processor script to /robotics_final_project/ros2_ws/install/game_state/lib/game_state
[2.309s] 
[2.309s] Installed /robotics_final_project/ros2_ws/build/game_state
[2.310s] running symlink_data
[2.311s] creating /robotics_final_project/ros2_ws/install/game_state/share/game_state/srv
[2.311s] symbolically linking /robotics_final_project/ros2_ws/build/game_state/srv/GetBoardState.srv -> /robotics_final_project/ros2_ws/install/game_state/share/game_state/srv
[2.312s] creating /robotics_final_project/ros2_ws/install/game_state/share/game_state/trained_models
[2.313s] symbolically linking /robotics_final_project/ros2_ws/build/game_state/game_state/trained_models/best.pt -> /robotics_final_project/ros2_ws/install/game_state/share/game_state/trained_models
[2.369s] Invoked command in '/robotics_final_project/ros2_ws/build/game_state' returned '0': PS1=(venv) \[\e]0;\u@\h: \w\a\]${debian_chroot:+($debian_chroot)}\u@\h:\w\$ PYTHONPATH=/robotics_final_project/ros2_ws/build/game_state/prefix_override:/usr/lib/python3/dist-packages/colcon_core/task/python/colcon_distutils_commands:/robotics_final_project/ros2_ws/install/game_state/lib/python3.12/site-packages:${PYTHONPATH} VIRTUAL_ENV_PROMPT=(venv) /usr/bin/python3 -W ignore:setup.py install is deprecated -W ignore:easy_install command is deprecated setup.py develop --editable --build-directory /robotics_final_project/ros2_ws/build/game_state/build --no-deps symlink_data
