running egg_info
creating ../../build/chess_vision/chess_vision.egg-info
writing ../../build/chess_vision/chess_vision.egg-info/PKG-INFO
writing dependency_links to ../../build/chess_vision/chess_vision.egg-info/dependency_links.txt
writing requirements to ../../build/chess_vision/chess_vision.egg-info/requires.txt
writing top-level names to ../../build/chess_vision/chess_vision.egg-info/top_level.txt
writing manifest file '../../build/chess_vision/chess_vision.egg-info/SOURCES.txt'
reading manifest file '../../build/chess_vision/chess_vision.egg-info/SOURCES.txt'
writing manifest file '../../build/chess_vision/chess_vision.egg-info/SOURCES.txt'
running build
running build_py
creating /robotics_final_project/ros2_ws/build/chess_vision/build
creating /robotics_final_project/ros2_ws/build/chess_vision/build/lib
creating /robotics_final_project/ros2_ws/build/chess_vision/build/lib/chess_vision
copying chess_vision/__init__.py -> /robotics_final_project/ros2_ws/build/chess_vision/build/lib/chess_vision
running install
running install_lib
creating /robotics_final_project/ros2_ws/install/chess_vision/lib/python3.12/site-packages/chess_vision
copying /robotics_final_project/ros2_ws/build/chess_vision/build/lib/chess_vision/__init__.py -> /robotics_final_project/ros2_ws/install/chess_vision/lib/python3.12/site-packages/chess_vision
byte-compiling /robotics_final_project/ros2_ws/install/chess_vision/lib/python3.12/site-packages/chess_vision/__init__.py to __init__.cpython-312.pyc
running install_data
creating /robotics_final_project/ros2_ws/install/chess_vision/share/ament_index
creating /robotics_final_project/ros2_ws/install/chess_vision/share/ament_index/resource_index
creating /robotics_final_project/ros2_ws/install/chess_vision/share/ament_index/resource_index/packages
copying resource/chess_vision -> /robotics_final_project/ros2_ws/install/chess_vision/share/ament_index/resource_index/packages
copying package.xml -> /robotics_final_project/ros2_ws/install/chess_vision/share/chess_vision
running install_egg_info
Copying ../../build/chess_vision/chess_vision.egg-info to /robotics_final_project/ros2_ws/install/chess_vision/lib/python3.12/site-packages/chess_vision-0.0.0-py3.12.egg-info
running install_scripts
writing list of installed files to '/robotics_final_project/ros2_ws/build/chess_vision/install.log'
