[1.416s] Invoking command in '/robotics_final_project/ros2_ws/src/chess_vision': PS1=(venv) \[\e]0;\u@\h: \w\a\]${debian_chroot:+($debian_chroot)}\u@\h:\w\$ PYTHONPATH=/robotics_final_project/ros2_ws/build/chess_vision/prefix_override:/usr/lib/python3/dist-packages/colcon_core/task/python/colcon_distutils_commands:/robotics_final_project/ros2_ws/install/chess_vision/lib/python3.12/site-packages:${PYTHONPATH} VIRTUAL_ENV_PROMPT=(venv) /usr/bin/python3 -W ignore:setup.py install is deprecated -W ignore:easy_install command is deprecated setup.py egg_info --egg-base ../../build/chess_vision build --build-base /robotics_final_project/ros2_ws/build/chess_vision/build install --record /robotics_final_project/ros2_ws/build/chess_vision/install.log --single-version-externally-managed install_data
[1.709s] running egg_info
[1.709s] creating ../../build/chess_vision/chess_vision.egg-info
[1.729s] writing ../../build/chess_vision/chess_vision.egg-info/PKG-INFO
[1.730s] writing dependency_links to ../../build/chess_vision/chess_vision.egg-info/dependency_links.txt
[1.730s] writing requirements to ../../build/chess_vision/chess_vision.egg-info/requires.txt
[1.730s] writing top-level names to ../../build/chess_vision/chess_vision.egg-info/top_level.txt
[1.730s] writing manifest file '../../build/chess_vision/chess_vision.egg-info/SOURCES.txt'
[1.771s] reading manifest file '../../build/chess_vision/chess_vision.egg-info/SOURCES.txt'
[1.772s] writing manifest file '../../build/chess_vision/chess_vision.egg-info/SOURCES.txt'
[1.772s] running build
[1.772s] running build_py
[1.772s] creating /robotics_final_project/ros2_ws/build/chess_vision/build
[1.773s] creating /robotics_final_project/ros2_ws/build/chess_vision/build/lib
[1.773s] creating /robotics_final_project/ros2_ws/build/chess_vision/build/lib/chess_vision
[1.774s] copying chess_vision/__init__.py -> /robotics_final_project/ros2_ws/build/chess_vision/build/lib/chess_vision
[1.775s] running install
[1.781s] running install_lib
[1.801s] creating /robotics_final_project/ros2_ws/install/chess_vision/lib/python3.12/site-packages/chess_vision
[1.802s] copying /robotics_final_project/ros2_ws/build/chess_vision/build/lib/chess_vision/__init__.py -> /robotics_final_project/ros2_ws/install/chess_vision/lib/python3.12/site-packages/chess_vision
[1.803s] byte-compiling /robotics_final_project/ros2_ws/install/chess_vision/lib/python3.12/site-packages/chess_vision/__init__.py to __init__.cpython-312.pyc
[1.804s] running install_data
[1.804s] creating /robotics_final_project/ros2_ws/install/chess_vision/share/ament_index
[1.804s] creating /robotics_final_project/ros2_ws/install/chess_vision/share/ament_index/resource_index
[1.805s] creating /robotics_final_project/ros2_ws/install/chess_vision/share/ament_index/resource_index/packages
[1.806s] copying resource/chess_vision -> /robotics_final_project/ros2_ws/install/chess_vision/share/ament_index/resource_index/packages
[1.806s] copying package.xml -> /robotics_final_project/ros2_ws/install/chess_vision/share/chess_vision
[1.806s] running install_egg_info
[1.829s] Copying ../../build/chess_vision/chess_vision.egg-info to /robotics_final_project/ros2_ws/install/chess_vision/lib/python3.12/site-packages/chess_vision-0.0.0-py3.12.egg-info
[1.830s] running install_scripts
[1.975s] writing list of installed files to '/robotics_final_project/ros2_ws/build/chess_vision/install.log'
[2.008s] Invoked command in '/robotics_final_project/ros2_ws/src/chess_vision' returned '0': PS1=(venv) \[\e]0;\u@\h: \w\a\]${debian_chroot:+($debian_chroot)}\u@\h:\w\$ PYTHONPATH=/robotics_final_project/ros2_ws/build/chess_vision/prefix_override:/usr/lib/python3/dist-packages/colcon_core/task/python/colcon_distutils_commands:/robotics_final_project/ros2_ws/install/chess_vision/lib/python3.12/site-packages:${PYTHONPATH} VIRTUAL_ENV_PROMPT=(venv) /usr/bin/python3 -W ignore:setup.py install is deprecated -W ignore:easy_install command is deprecated setup.py egg_info --egg-base ../../build/chess_vision build --build-base /robotics_final_project/ros2_ws/build/chess_vision/build install --record /robotics_final_project/ros2_ws/build/chess_vision/install.log --single-version-externally-managed install_data
