running egg_info
writing ../../build/chess_vision/chess_vision.egg-info/PKG-INFO
writing dependency_links to ../../build/chess_vision/chess_vision.egg-info/dependency_links.txt
writing entry points to ../../build/chess_vision/chess_vision.egg-info/entry_points.txt
writing requirements to ../../build/chess_vision/chess_vision.egg-info/requires.txt
writing top-level names to ../../build/chess_vision/chess_vision.egg-info/top_level.txt
reading manifest file '../../build/chess_vision/chess_vision.egg-info/SOURCES.txt'
writing manifest file '../../build/chess_vision/chess_vision.egg-info/SOURCES.txt'
running build
running build_py
copying chess_vision/camera_feed.py -> /robotics_final_project/ros2_ws/build/chess_vision/build/lib/chess_vision
copying chess_vision/homography_processor.py -> /robotics_final_project/ros2_ws/build/chess_vision/build/lib/chess_vision
running install
running install_lib
copying /robotics_final_project/ros2_ws/build/chess_vision/build/lib/chess_vision/camera_feed.py -> /robotics_final_project/ros2_ws/install/chess_vision/lib/python3.12/site-packages/chess_vision
copying /robotics_final_project/ros2_ws/build/chess_vision/build/lib/chess_vision/homography_processor.py -> /robotics_final_project/ros2_ws/install/chess_vision/lib/python3.12/site-packages/chess_vision
byte-compiling /robotics_final_project/ros2_ws/install/chess_vision/lib/python3.12/site-packages/chess_vision/camera_feed.py to camera_feed.cpython-312.pyc
byte-compiling /robotics_final_project/ros2_ws/install/chess_vision/lib/python3.12/site-packages/chess_vision/homography_processor.py to homography_processor.cpython-312.pyc
running install_data
running install_egg_info
removing '/robotics_final_project/ros2_ws/install/chess_vision/lib/python3.12/site-packages/chess_vision-0.0.0-py3.12.egg-info' (and everything under it)
Copying ../../build/chess_vision/chess_vision.egg-info to /robotics_final_project/ros2_ws/install/chess_vision/lib/python3.12/site-packages/chess_vision-0.0.0-py3.12.egg-info
running install_scripts
Installing camera_publisher script to /robotics_final_project/ros2_ws/install/chess_vision/lib/chess_vision
Installing homography_processor script to /robotics_final_project/ros2_ws/install/chess_vision/lib/chess_vision
writing list of installed files to '/robotics_final_project/ros2_ws/build/chess_vision/install.log'
