[1.277s] Invoking command in '/robotics_final_project/ros2_ws/build/chess_ai': PYTHONPATH=/robotics_final_project/ros2_ws/build/chess_ai/prefix_override:/usr/lib/python3/dist-packages/colcon_core/task/python/colcon_distutils_commands:/robotics_final_project/ros2_ws/install/chess_ai/lib/python3.12/site-packages:${PYTHONPATH} /usr/bin/python3 -W ignore:setup.py install is deprecated -W ignore:easy_install command is deprecated setup.py develop --editable --build-directory /robotics_final_project/ros2_ws/build/chess_ai/build --no-deps symlink_data
[1.590s] running develop
[1.747s] running egg_info
[1.747s] creating chess_ai.egg-info
[1.761s] writing chess_ai.egg-info/PKG-INFO
[1.761s] writing dependency_links to chess_ai.egg-info/dependency_links.txt
[1.761s] writing requirements to chess_ai.egg-info/requires.txt
[1.761s] writing top-level names to chess_ai.egg-info/top_level.txt
[1.761s] writing manifest file 'chess_ai.egg-info/SOURCES.txt'
[1.789s] reading manifest file 'chess_ai.egg-info/SOURCES.txt'
[1.789s] writing manifest file 'chess_ai.egg-info/SOURCES.txt'
[1.805s] running build_ext
[1.805s] Creating /robotics_final_project/ros2_ws/install/chess_ai/lib/python3.12/site-packages/chess-ai.egg-link (link to .)
[1.806s] 
[1.806s] Installed /robotics_final_project/ros2_ws/build/chess_ai
[1.806s] running symlink_data
[1.806s] creating /robotics_final_project/ros2_ws/install/chess_ai/share/ament_index
[1.806s] creating /robotics_final_project/ros2_ws/install/chess_ai/share/ament_index/resource_index
[1.806s] creating /robotics_final_project/ros2_ws/install/chess_ai/share/ament_index/resource_index/packages
[1.806s] symbolically linking /robotics_final_project/ros2_ws/build/chess_ai/resource/chess_ai -> /robotics_final_project/ros2_ws/install/chess_ai/share/ament_index/resource_index/packages
[1.807s] symbolically linking /robotics_final_project/ros2_ws/build/chess_ai/package.xml -> /robotics_final_project/ros2_ws/install/chess_ai/share/chess_ai
[1.843s] Invoked command in '/robotics_final_project/ros2_ws/build/chess_ai' returned '0': PYTHONPATH=/robotics_final_project/ros2_ws/build/chess_ai/prefix_override:/usr/lib/python3/dist-packages/colcon_core/task/python/colcon_distutils_commands:/robotics_final_project/ros2_ws/install/chess_ai/lib/python3.12/site-packages:${PYTHONPATH} /usr/bin/python3 -W ignore:setup.py install is deprecated -W ignore:easy_install command is deprecated setup.py develop --editable --build-directory /robotics_final_project/ros2_ws/build/chess_ai/build --no-deps symlink_data
